{"/Users/andreevgy/Projects/frontend-project-lvl2/src/buildTree.js": {"path":"/Users/andreevgy/Projects/frontend-project-lvl2/src/buildTree.js","all":false,"statementMap":{"0":{"start":{"line":1,"column":0},"end":{"line":1,"column":23}},"1":{"start":{"line":2,"column":0},"end":{"line":2,"column":0}},"2":{"start":{"line":3,"column":0},"end":{"line":3,"column":46}},"3":{"start":{"line":4,"column":0},"end":{"line":4,"column":77}},"4":{"start":{"line":5,"column":0},"end":{"line":5,"column":28}},"5":{"start":{"line":6,"column":0},"end":{"line":6,"column":31}},"6":{"start":{"line":7,"column":0},"end":{"line":7,"column":57}},"7":{"start":{"line":8,"column":0},"end":{"line":8,"column":5}},"8":{"start":{"line":9,"column":0},"end":{"line":9,"column":31}},"9":{"start":{"line":10,"column":0},"end":{"line":10,"column":55}},"10":{"start":{"line":11,"column":0},"end":{"line":11,"column":5}},"11":{"start":{"line":12,"column":0},"end":{"line":12,"column":30}},"12":{"start":{"line":13,"column":0},"end":{"line":13,"column":30}},"13":{"start":{"line":14,"column":0},"end":{"line":14,"column":57}},"14":{"start":{"line":15,"column":0},"end":{"line":15,"column":75}},"15":{"start":{"line":16,"column":0},"end":{"line":16,"column":5}},"16":{"start":{"line":17,"column":0},"end":{"line":17,"column":33}},"17":{"start":{"line":18,"column":0},"end":{"line":18,"column":14}},"18":{"start":{"line":19,"column":0},"end":{"line":19,"column":43}},"19":{"start":{"line":20,"column":0},"end":{"line":20,"column":8}},"20":{"start":{"line":21,"column":0},"end":{"line":21,"column":5}},"21":{"start":{"line":22,"column":0},"end":{"line":22,"column":44}},"22":{"start":{"line":23,"column":0},"end":{"line":23,"column":5}},"23":{"start":{"line":24,"column":0},"end":{"line":24,"column":2}},"24":{"start":{"line":25,"column":0},"end":{"line":25,"column":0}},"25":{"start":{"line":26,"column":0},"end":{"line":26,"column":103}},"26":{"start":{"line":27,"column":0},"end":{"line":27,"column":0}},"27":{"start":{"line":28,"column":0},"end":{"line":28,"column":25}}},"s":{"0":1,"1":1,"2":1,"3":30,"4":30,"5":108,"6":12,"7":12,"8":108,"9":30,"10":30,"11":66,"12":66,"13":108,"14":24,"15":24,"16":108,"17":24,"18":24,"19":24,"20":24,"21":18,"22":18,"23":30,"24":1,"25":1,"26":1,"27":1},"branchMap":{"0":{"type":"branch","line":3,"loc":{"start":{"line":3,"column":23},"end":{"line":24,"column":2}},"locations":[{"start":{"line":3,"column":23},"end":{"line":24,"column":2}}]},"1":{"type":"branch","line":5,"loc":{"start":{"line":5,"column":19},"end":{"line":23,"column":5}},"locations":[{"start":{"line":5,"column":19},"end":{"line":23,"column":5}}]},"2":{"type":"branch","line":6,"loc":{"start":{"line":6,"column":30},"end":{"line":8,"column":5}},"locations":[{"start":{"line":6,"column":30},"end":{"line":8,"column":5}}]},"3":{"type":"branch","line":9,"loc":{"start":{"line":9,"column":-1},"end":{"line":9,"column":8}},"locations":[{"start":{"line":9,"column":-1},"end":{"line":9,"column":8}}]},"4":{"type":"branch","line":9,"loc":{"start":{"line":9,"column":30},"end":{"line":11,"column":5}},"locations":[{"start":{"line":9,"column":30},"end":{"line":11,"column":5}}]},"5":{"type":"branch","line":12,"loc":{"start":{"line":12,"column":-1},"end":{"line":14,"column":9}},"locations":[{"start":{"line":12,"column":-1},"end":{"line":14,"column":9}}]},"6":{"type":"branch","line":14,"loc":{"start":{"line":14,"column":8},"end":{"line":14,"column":34}},"locations":[{"start":{"line":14,"column":8},"end":{"line":14,"column":34}}]},"7":{"type":"branch","line":14,"loc":{"start":{"line":14,"column":56},"end":{"line":16,"column":5}},"locations":[{"start":{"line":14,"column":56},"end":{"line":16,"column":5}}]},"8":{"type":"branch","line":17,"loc":{"start":{"line":17,"column":-1},"end":{"line":17,"column":8}},"locations":[{"start":{"line":17,"column":-1},"end":{"line":17,"column":8}}]},"9":{"type":"branch","line":17,"loc":{"start":{"line":17,"column":32},"end":{"line":21,"column":5}},"locations":[{"start":{"line":17,"column":32},"end":{"line":21,"column":5}}]},"10":{"type":"branch","line":22,"loc":{"start":{"line":22,"column":-1},"end":{"line":23,"column":5}},"locations":[{"start":{"line":22,"column":-1},"end":{"line":23,"column":5}}]},"11":{"type":"branch","line":26,"loc":{"start":{"line":26,"column":18},"end":{"line":26,"column":19}},"locations":[{"start":{"line":26,"column":18},"end":{"line":26,"column":19}}]}},"b":{"0":[30],"1":[108],"2":[12],"3":[96],"4":[30],"5":[66],"6":[30],"7":[24],"8":[42],"9":[24],"10":[18],"11":[6]},"fnMap":{"0":{"name":"compareObjects","decl":{"start":{"line":3,"column":23},"end":{"line":24,"column":2}},"loc":{"start":{"line":3,"column":23},"end":{"line":24,"column":2}},"line":3},"1":{"name":"buildTree","decl":{"start":{"line":26,"column":18},"end":{"line":26,"column":19}},"loc":{"start":{"line":26,"column":18},"end":{"line":26,"column":19}},"line":26}},"f":{"0":30,"1":6}}
,"/Users/andreevgy/Projects/frontend-project-lvl2/src/gendiff.js": {"path":"/Users/andreevgy/Projects/frontend-project-lvl2/src/gendiff.js","all":false,"statementMap":{"0":{"start":{"line":1,"column":0},"end":{"line":1,"column":23}},"1":{"start":{"line":2,"column":0},"end":{"line":2,"column":20}},"2":{"start":{"line":3,"column":0},"end":{"line":3,"column":24}},"3":{"start":{"line":4,"column":0},"end":{"line":4,"column":29}},"4":{"start":{"line":5,"column":0},"end":{"line":5,"column":39}},"5":{"start":{"line":6,"column":0},"end":{"line":6,"column":47}},"6":{"start":{"line":7,"column":0},"end":{"line":7,"column":0}},"7":{"start":{"line":8,"column":0},"end":{"line":8,"column":20}},"8":{"start":{"line":9,"column":0},"end":{"line":9,"column":19}},"9":{"start":{"line":10,"column":0},"end":{"line":10,"column":20}},"10":{"start":{"line":11,"column":0},"end":{"line":11,"column":19}},"11":{"start":{"line":12,"column":0},"end":{"line":12,"column":2}},"12":{"start":{"line":13,"column":0},"end":{"line":13,"column":0}},"13":{"start":{"line":14,"column":0},"end":{"line":14,"column":32}},"14":{"start":{"line":15,"column":0},"end":{"line":15,"column":52}},"15":{"start":{"line":16,"column":0},"end":{"line":16,"column":67}},"16":{"start":{"line":17,"column":0},"end":{"line":17,"column":45}},"17":{"start":{"line":18,"column":0},"end":{"line":18,"column":2}},"18":{"start":{"line":19,"column":0},"end":{"line":19,"column":0}},"19":{"start":{"line":20,"column":0},"end":{"line":20,"column":55}},"20":{"start":{"line":21,"column":0},"end":{"line":21,"column":59}},"21":{"start":{"line":22,"column":0},"end":{"line":22,"column":34}},"22":{"start":{"line":23,"column":0},"end":{"line":23,"column":2}},"23":{"start":{"line":24,"column":0},"end":{"line":24,"column":0}},"24":{"start":{"line":25,"column":0},"end":{"line":25,"column":23}}},"s":{"0":1,"1":1,"2":1,"3":1,"4":1,"5":1,"6":1,"7":1,"8":1,"9":1,"10":1,"11":1,"12":1,"13":1,"14":12,"15":12,"16":12,"17":12,"18":1,"19":1,"20":6,"21":6,"22":6,"23":1,"24":1},"branchMap":{"0":{"type":"branch","line":14,"loc":{"start":{"line":14,"column":18},"end":{"line":18,"column":2}},"locations":[{"start":{"line":14,"column":18},"end":{"line":18,"column":2}}]},"1":{"type":"branch","line":20,"loc":{"start":{"line":20,"column":16},"end":{"line":23,"column":2}},"locations":[{"start":{"line":20,"column":16},"end":{"line":23,"column":2}}]}},"b":{"0":[12],"1":[6]},"fnMap":{"0":{"name":"loadData","decl":{"start":{"line":14,"column":18},"end":{"line":18,"column":2}},"loc":{"start":{"line":14,"column":18},"end":{"line":18,"column":2}},"line":14},"1":{"name":"genDiff","decl":{"start":{"line":20,"column":16},"end":{"line":23,"column":2}},"loc":{"start":{"line":20,"column":16},"end":{"line":23,"column":2}},"line":20}},"f":{"0":12,"1":6}}
,"/Users/andreevgy/Projects/frontend-project-lvl2/src/formatters/index.js": {"path":"/Users/andreevgy/Projects/frontend-project-lvl2/src/formatters/index.js","all":false,"statementMap":{"0":{"start":{"line":1,"column":0},"end":{"line":1,"column":35}},"1":{"start":{"line":2,"column":0},"end":{"line":2,"column":31}},"2":{"start":{"line":3,"column":0},"end":{"line":3,"column":29}},"3":{"start":{"line":4,"column":0},"end":{"line":4,"column":0}},"4":{"start":{"line":5,"column":0},"end":{"line":5,"column":38}},"5":{"start":{"line":6,"column":0},"end":{"line":6,"column":23}},"6":{"start":{"line":7,"column":0},"end":{"line":7,"column":19}},"7":{"start":{"line":8,"column":0},"end":{"line":8,"column":30}},"8":{"start":{"line":9,"column":0},"end":{"line":9,"column":17}},"9":{"start":{"line":10,"column":0},"end":{"line":10,"column":25}},"10":{"start":{"line":11,"column":0},"end":{"line":11,"column":16}},"11":{"start":{"line":12,"column":0},"end":{"line":12,"column":24}},"12":{"start":{"line":13,"column":0},"end":{"line":13,"column":12}},"13":{"start":{"line":14,"column":0},"end":{"line":14,"column":59}},"14":{"start":{"line":15,"column":0},"end":{"line":15,"column":3}},"15":{"start":{"line":16,"column":0},"end":{"line":16,"column":2}}},"s":{"0":1,"1":1,"2":1,"3":1,"4":1,"5":6,"6":6,"7":6,"8":6,"9":6,"10":6,"11":6,"12":6,"13":6,"14":6,"15":6},"branchMap":{"0":{"type":"branch","line":5,"loc":{"start":{"line":5,"column":15},"end":{"line":16,"column":2}},"locations":[{"start":{"line":5,"column":15},"end":{"line":16,"column":2}}]},"1":{"type":"branch","line":7,"loc":{"start":{"line":7,"column":4},"end":{"line":8,"column":13}},"locations":[{"start":{"line":7,"column":4},"end":{"line":8,"column":13}}]},"2":{"type":"branch","line":9,"loc":{"start":{"line":9,"column":4},"end":{"line":10,"column":13}},"locations":[{"start":{"line":9,"column":4},"end":{"line":10,"column":13}}]},"3":{"type":"branch","line":11,"loc":{"start":{"line":11,"column":4},"end":{"line":12,"column":13}},"locations":[{"start":{"line":11,"column":4},"end":{"line":12,"column":13}}]},"4":{"type":"branch","line":13,"loc":{"start":{"line":13,"column":4},"end":{"line":14,"column":12}},"locations":[{"start":{"line":13,"column":4},"end":{"line":14,"column":12}}]}},"b":{"0":[6],"1":[2],"2":[2],"3":[2],"4":[0]},"fnMap":{"0":{"name":"default","decl":{"start":{"line":5,"column":15},"end":{"line":16,"column":2}},"loc":{"start":{"line":5,"column":15},"end":{"line":16,"column":2}},"line":5}},"f":{"0":6}}
,"/Users/andreevgy/Projects/frontend-project-lvl2/src/formatters/json.js": {"path":"/Users/andreevgy/Projects/frontend-project-lvl2/src/formatters/json.js","all":false,"statementMap":{"0":{"start":{"line":1,"column":0},"end":{"line":1,"column":103}},"1":{"start":{"line":2,"column":0},"end":{"line":2,"column":0}},"2":{"start":{"line":3,"column":0},"end":{"line":3,"column":29}}},"s":{"0":1,"1":1,"2":1},"branchMap":{"0":{"type":"branch","line":1,"loc":{"start":{"line":1,"column":22},"end":{"line":1,"column":54}},"locations":[{"start":{"line":1,"column":22},"end":{"line":1,"column":54}}]}},"b":{"0":[2]},"fnMap":{"0":{"name":"JSONFormatter","decl":{"start":{"line":1,"column":22},"end":{"line":1,"column":54}},"loc":{"start":{"line":1,"column":22},"end":{"line":1,"column":54}},"line":1}},"f":{"0":2}}
,"/Users/andreevgy/Projects/frontend-project-lvl2/src/formatters/plain.js": {"path":"/Users/andreevgy/Projects/frontend-project-lvl2/src/formatters/plain.js","all":false,"statementMap":{"0":{"start":{"line":1,"column":0},"end":{"line":1,"column":23}},"1":{"start":{"line":2,"column":0},"end":{"line":2,"column":0}},"2":{"start":{"line":3,"column":0},"end":{"line":3,"column":29}},"3":{"start":{"line":4,"column":0},"end":{"line":4,"column":25}},"4":{"start":{"line":5,"column":0},"end":{"line":5,"column":29}},"5":{"start":{"line":6,"column":0},"end":{"line":6,"column":3}},"6":{"start":{"line":7,"column":0},"end":{"line":7,"column":25}},"7":{"start":{"line":8,"column":0},"end":{"line":8,"column":23}},"8":{"start":{"line":9,"column":0},"end":{"line":9,"column":3}},"9":{"start":{"line":10,"column":0},"end":{"line":10,"column":22}},"10":{"start":{"line":11,"column":0},"end":{"line":11,"column":2}},"11":{"start":{"line":12,"column":0},"end":{"line":12,"column":0}},"12":{"start":{"line":13,"column":0},"end":{"line":13,"column":54}},"13":{"start":{"line":14,"column":0},"end":{"line":14,"column":64}},"14":{"start":{"line":15,"column":0},"end":{"line":15,"column":40}},"15":{"start":{"line":16,"column":0},"end":{"line":16,"column":23}},"16":{"start":{"line":17,"column":0},"end":{"line":17,"column":18}},"17":{"start":{"line":18,"column":0},"end":{"line":18,"column":94}},"18":{"start":{"line":19,"column":0},"end":{"line":19,"column":31}},"19":{"start":{"line":20,"column":0},"end":{"line":20,"column":5}},"20":{"start":{"line":21,"column":0},"end":{"line":21,"column":20}},"21":{"start":{"line":22,"column":0},"end":{"line":22,"column":94}},"22":{"start":{"line":23,"column":0},"end":{"line":23,"column":31}},"23":{"start":{"line":24,"column":0},"end":{"line":24,"column":5}},"24":{"start":{"line":25,"column":0},"end":{"line":25,"column":17}},"25":{"start":{"line":26,"column":0},"end":{"line":26,"column":85}},"26":{"start":{"line":27,"column":0},"end":{"line":27,"column":19}},"27":{"start":{"line":28,"column":0},"end":{"line":28,"column":51}},"28":{"start":{"line":29,"column":0},"end":{"line":29,"column":23}},"29":{"start":{"line":30,"column":0},"end":{"line":30,"column":35}},"30":{"start":{"line":31,"column":0},"end":{"line":31,"column":98}},"31":{"start":{"line":32,"column":0},"end":{"line":32,"column":5}},"32":{"start":{"line":33,"column":0},"end":{"line":33,"column":12}},"33":{"start":{"line":34,"column":0},"end":{"line":34,"column":18}},"34":{"start":{"line":35,"column":0},"end":{"line":35,"column":3}},"35":{"start":{"line":36,"column":0},"end":{"line":36,"column":2}},"36":{"start":{"line":37,"column":0},"end":{"line":37,"column":0}},"37":{"start":{"line":38,"column":0},"end":{"line":38,"column":26}}},"s":{"0":1,"1":1,"2":1,"3":26,"4":6,"5":6,"6":26,"7":14,"8":14,"9":6,"10":6,"11":1,"12":1,"13":38,"14":38,"15":38,"16":38,"17":2,"18":2,"19":2,"20":38,"21":8,"22":8,"23":8,"24":38,"25":38,"26":38,"27":38,"28":38,"29":8,"30":8,"31":8,"32":38,"33":38,"34":38,"35":38,"36":1,"37":1},"branchMap":{"0":{"type":"branch","line":3,"loc":{"start":{"line":3,"column":19},"end":{"line":11,"column":2}},"locations":[{"start":{"line":3,"column":19},"end":{"line":11,"column":2}}]},"1":{"type":"branch","line":4,"loc":{"start":{"line":4,"column":24},"end":{"line":6,"column":3}},"locations":[{"start":{"line":4,"column":24},"end":{"line":6,"column":3}}]},"2":{"type":"branch","line":7,"loc":{"start":{"line":7,"column":-1},"end":{"line":7,"column":6}},"locations":[{"start":{"line":7,"column":-1},"end":{"line":7,"column":6}}]},"3":{"type":"branch","line":7,"loc":{"start":{"line":7,"column":24},"end":{"line":9,"column":3}},"locations":[{"start":{"line":7,"column":24},"end":{"line":9,"column":3}}]},"4":{"type":"branch","line":10,"loc":{"start":{"line":10,"column":-1},"end":{"line":11,"column":2}},"locations":[{"start":{"line":10,"column":-1},"end":{"line":11,"column":2}}]},"5":{"type":"branch","line":13,"loc":{"start":{"line":13,"column":19},"end":{"line":36,"column":2}},"locations":[{"start":{"line":13,"column":19},"end":{"line":36,"column":2}}]},"6":{"type":"branch","line":17,"loc":{"start":{"line":17,"column":4},"end":{"line":20,"column":5}},"locations":[{"start":{"line":17,"column":4},"end":{"line":20,"column":5}}]},"7":{"type":"branch","line":21,"loc":{"start":{"line":21,"column":4},"end":{"line":24,"column":5}},"locations":[{"start":{"line":21,"column":4},"end":{"line":24,"column":5}}]},"8":{"type":"branch","line":25,"loc":{"start":{"line":25,"column":4},"end":{"line":26,"column":14}},"locations":[{"start":{"line":25,"column":4},"end":{"line":26,"column":14}}]},"9":{"type":"branch","line":27,"loc":{"start":{"line":27,"column":4},"end":{"line":28,"column":14}},"locations":[{"start":{"line":27,"column":4},"end":{"line":28,"column":14}}]},"10":{"type":"branch","line":29,"loc":{"start":{"line":29,"column":4},"end":{"line":32,"column":5}},"locations":[{"start":{"line":29,"column":4},"end":{"line":32,"column":5}}]},"11":{"type":"branch","line":33,"loc":{"start":{"line":33,"column":4},"end":{"line":34,"column":13}},"locations":[{"start":{"line":33,"column":4},"end":{"line":34,"column":13}}]},"12":{"type":"branch","line":18,"loc":{"start":{"line":18,"column":55},"end":{"line":18,"column":75}},"locations":[{"start":{"line":18,"column":55},"end":{"line":18,"column":75}}]},"13":{"type":"branch","line":22,"loc":{"start":{"line":22,"column":55},"end":{"line":22,"column":75}},"locations":[{"start":{"line":22,"column":55},"end":{"line":22,"column":75}}]}},"b":{"0":[26],"1":[6],"2":[20],"3":[14],"4":[6],"5":[38],"6":[2],"7":[8],"8":[10],"9":[4],"10":[8],"11":[6],"12":[8],"13":[28]},"fnMap":{"0":{"name":"stringify","decl":{"start":{"line":3,"column":19},"end":{"line":11,"column":2}},"loc":{"start":{"line":3,"column":19},"end":{"line":11,"column":2}},"line":3},"1":{"name":"styleField","decl":{"start":{"line":13,"column":19},"end":{"line":36,"column":2}},"loc":{"start":{"line":13,"column":19},"end":{"line":36,"column":2}},"line":13}},"f":{"0":26,"1":38}}
,"/Users/andreevgy/Projects/frontend-project-lvl2/src/formatters/stylish.js": {"path":"/Users/andreevgy/Projects/frontend-project-lvl2/src/formatters/stylish.js","all":false,"statementMap":{"0":{"start":{"line":1,"column":0},"end":{"line":1,"column":23}},"1":{"start":{"line":2,"column":0},"end":{"line":2,"column":0}},"2":{"start":{"line":3,"column":0},"end":{"line":3,"column":79}},"3":{"start":{"line":4,"column":0},"end":{"line":4,"column":0}},"4":{"start":{"line":5,"column":0},"end":{"line":5,"column":48}},"5":{"start":{"line":6,"column":0},"end":{"line":6,"column":26}},"6":{"start":{"line":7,"column":0},"end":{"line":7,"column":24}},"7":{"start":{"line":8,"column":0},"end":{"line":8,"column":3}},"8":{"start":{"line":9,"column":0},"end":{"line":9,"column":0}},"9":{"start":{"line":10,"column":0},"end":{"line":10,"column":37}},"10":{"start":{"line":11,"column":0},"end":{"line":11,"column":76}},"11":{"start":{"line":12,"column":0},"end":{"line":12,"column":0}},"12":{"start":{"line":13,"column":0},"end":{"line":13,"column":56}},"13":{"start":{"line":14,"column":0},"end":{"line":14,"column":2}},"14":{"start":{"line":15,"column":0},"end":{"line":15,"column":0}},"15":{"start":{"line":16,"column":0},"end":{"line":16,"column":42}},"16":{"start":{"line":17,"column":0},"end":{"line":17,"column":23}},"17":{"start":{"line":18,"column":0},"end":{"line":18,"column":18}},"18":{"start":{"line":19,"column":0},"end":{"line":19,"column":83}},"19":{"start":{"line":20,"column":0},"end":{"line":20,"column":42}},"20":{"start":{"line":21,"column":0},"end":{"line":21,"column":5}},"21":{"start":{"line":22,"column":0},"end":{"line":22,"column":20}},"22":{"start":{"line":23,"column":0},"end":{"line":23,"column":83}},"23":{"start":{"line":24,"column":0},"end":{"line":24,"column":92}},"24":{"start":{"line":25,"column":0},"end":{"line":25,"column":5}},"25":{"start":{"line":26,"column":0},"end":{"line":26,"column":17}},"26":{"start":{"line":27,"column":0},"end":{"line":27,"column":90}},"27":{"start":{"line":28,"column":0},"end":{"line":28,"column":19}},"28":{"start":{"line":29,"column":0},"end":{"line":29,"column":90}},"29":{"start":{"line":30,"column":0},"end":{"line":30,"column":16}},"30":{"start":{"line":31,"column":0},"end":{"line":31,"column":90}},"31":{"start":{"line":32,"column":0},"end":{"line":32,"column":23}},"32":{"start":{"line":33,"column":0},"end":{"line":33,"column":40}},"33":{"start":{"line":34,"column":0},"end":{"line":34,"column":86}},"34":{"start":{"line":35,"column":0},"end":{"line":35,"column":86}},"35":{"start":{"line":36,"column":0},"end":{"line":36,"column":34}},"36":{"start":{"line":37,"column":0},"end":{"line":37,"column":5}},"37":{"start":{"line":38,"column":0},"end":{"line":38,"column":12}},"38":{"start":{"line":39,"column":0},"end":{"line":39,"column":16}},"39":{"start":{"line":40,"column":0},"end":{"line":40,"column":3}},"40":{"start":{"line":41,"column":0},"end":{"line":41,"column":2}},"41":{"start":{"line":42,"column":0},"end":{"line":42,"column":0}},"42":{"start":{"line":43,"column":0},"end":{"line":43,"column":26}}},"s":{"0":1,"1":1,"2":1,"3":1,"4":1,"5":54,"6":40,"7":40,"8":14,"9":14,"10":14,"11":14,"12":14,"13":14,"14":1,"15":1,"16":56,"17":56,"18":2,"19":2,"20":2,"21":56,"22":8,"23":8,"24":8,"25":56,"26":56,"27":56,"28":56,"29":56,"30":56,"31":56,"32":8,"33":8,"34":8,"35":8,"36":8,"37":56,"38":56,"39":56,"40":56,"41":1,"42":1},"branchMap":{"0":{"type":"branch","line":3,"loc":{"start":{"line":3,"column":15},"end":{"line":3,"column":47}},"locations":[{"start":{"line":3,"column":15},"end":{"line":3,"column":47}}]},"1":{"type":"branch","line":5,"loc":{"start":{"line":5,"column":18},"end":{"line":14,"column":2}},"locations":[{"start":{"line":5,"column":18},"end":{"line":14,"column":2}}]},"2":{"type":"branch","line":6,"loc":{"start":{"line":6,"column":25},"end":{"line":8,"column":3}},"locations":[{"start":{"line":6,"column":25},"end":{"line":8,"column":3}}]},"3":{"type":"branch","line":9,"loc":{"start":{"line":9,"column":-1},"end":{"line":14,"column":2}},"locations":[{"start":{"line":9,"column":-1},"end":{"line":14,"column":2}}]},"4":{"type":"branch","line":11,"loc":{"start":{"line":11,"column":9},"end":{"line":11,"column":36}},"locations":[{"start":{"line":11,"column":9},"end":{"line":11,"column":36}}]},"5":{"type":"branch","line":16,"loc":{"start":{"line":16,"column":19},"end":{"line":41,"column":2}},"locations":[{"start":{"line":16,"column":19},"end":{"line":41,"column":2}}]},"6":{"type":"branch","line":18,"loc":{"start":{"line":18,"column":4},"end":{"line":21,"column":5}},"locations":[{"start":{"line":18,"column":4},"end":{"line":21,"column":5}}]},"7":{"type":"branch","line":22,"loc":{"start":{"line":22,"column":4},"end":{"line":25,"column":5}},"locations":[{"start":{"line":22,"column":4},"end":{"line":25,"column":5}}]},"8":{"type":"branch","line":26,"loc":{"start":{"line":26,"column":4},"end":{"line":27,"column":14}},"locations":[{"start":{"line":26,"column":4},"end":{"line":27,"column":14}}]},"9":{"type":"branch","line":28,"loc":{"start":{"line":28,"column":4},"end":{"line":29,"column":14}},"locations":[{"start":{"line":28,"column":4},"end":{"line":29,"column":14}}]},"10":{"type":"branch","line":30,"loc":{"start":{"line":30,"column":4},"end":{"line":31,"column":14}},"locations":[{"start":{"line":30,"column":4},"end":{"line":31,"column":14}}]},"11":{"type":"branch","line":32,"loc":{"start":{"line":32,"column":4},"end":{"line":37,"column":5}},"locations":[{"start":{"line":32,"column":4},"end":{"line":37,"column":5}}]},"12":{"type":"branch","line":38,"loc":{"start":{"line":38,"column":4},"end":{"line":39,"column":13}},"locations":[{"start":{"line":38,"column":4},"end":{"line":39,"column":13}}]},"13":{"type":"branch","line":19,"loc":{"start":{"line":19,"column":45},"end":{"line":19,"column":65}},"locations":[{"start":{"line":19,"column":45},"end":{"line":19,"column":65}}]},"14":{"type":"branch","line":23,"loc":{"start":{"line":23,"column":45},"end":{"line":23,"column":65}},"locations":[{"start":{"line":23,"column":45},"end":{"line":23,"column":65}}]}},"b":{"0":[84],"1":[54],"2":[40],"3":[14],"4":[18],"5":[56],"6":[2],"7":[8],"8":[10],"9":[4],"10":[24],"11":[8],"12":[0],"13":[8],"14":[28]},"fnMap":{"0":{"name":"indent","decl":{"start":{"line":3,"column":15},"end":{"line":3,"column":47}},"loc":{"start":{"line":3,"column":15},"end":{"line":3,"column":47}},"line":3},"1":{"name":"stringify","decl":{"start":{"line":5,"column":18},"end":{"line":14,"column":2}},"loc":{"start":{"line":5,"column":18},"end":{"line":14,"column":2}},"line":5},"2":{"name":"styleField","decl":{"start":{"line":16,"column":19},"end":{"line":41,"column":2}},"loc":{"start":{"line":16,"column":19},"end":{"line":41,"column":2}},"line":16}},"f":{"0":84,"1":54,"2":56}}
}
